<?xml version="1.0" encoding="UTF-8"?>
<testsuite xmlns:xsi="http://www.w3.org/2001/XMLSchema-instance" xsi:noNamespaceSchemaLocation="https://maven.apache.org/surefire/maven-surefire-plugin/xsd/surefire-test-report.xsd" name="AppTest" time="44.48" tests="4" errors="0" skipped="0" failures="0">
  <properties>
[...]
</properties>
  <testcase name="loadsDocsPage" classname="AppTest" time="12.544"/>
  <testcase name="loadsPricingPage" classname="AppTest" time="7.5"/>
  <testcase name="loadsHomePage" classname="AppTest" time="11.788"/>
  <testcase name="loadsAutomatePage" classname="AppTest" time="12.642"/>
</testsuite>